<?xml version="1.0" encoding="UTF-8"?>
<testsuite xmlns:xsi="http://www.w3.org/2001/XMLSchema-instance" xsi:noNamespaceSchemaLocation="https://maven.apache.org/surefire/maven-surefire-plugin/xsd/surefire-test-report-3.0.xsd" version="3.0" name="nu.yonas.www.TextProcessorTest" time="0.023" tests="3" errors="0" skipped="0" failures="0">
  <properties>
[...]
</properties>
  <testcase name="testLowerCase" classname="nu.yonas.www.TextProcessorTest" time="0.02">
    <system-out><![CDATA[Initiating testing
Testing
Assertion is true
Completed this test
]]></system-out>
  </testcase>
  <testcase name="testReverseText" classname="nu.yonas.www.TextProcessorTest" time="0.001">
    <system-out><![CDATA[Testing
Value is null
Completed this test
]]></system-out>
  </testcase>
  <testcase name="testUpperCase" classname="nu.yonas.www.TextProcessorTest" time="0.001">
    <system-out><![CDATA[Testing
Assertion is false
Completed this test
]]></system-out>
  </testcase>
</testsuite>